#-----------------------------------------------------------
# Vivado v2017.4 (64-bit)
# SW Build 2086221 on Fri Dec 15 20:55:39 MST 2017
# IP Build 2085800 on Fri Dec 15 22:25:07 MST 2017
# Start of session at: Thu Mar 22 16:19:58 2018
# Process ID: 10104
# Current directory: C:/Users/Botix/Desktop/TDC/vivado/tdc
# Command line: vivado.exe -gui_launcher_event rodinguilauncherevent9936 C:\Users\Botix\Desktop\TDC\vivado\tdc\tdc.xpr
# Log file: C:/Users/Botix/Desktop/TDC/vivado/tdc/vivado.log
# Journal file: C:/Users/Botix/Desktop/TDC/vivado/tdc\vivado.jou
#-----------------------------------------------------------
start_gui
open_project C:/Users/Botix/Desktop/TDC/vivado/tdc/tdc.xpr
Scanning sources...
Finished scanning sources
INFO: [IP_Flow 19-234] Refreshing IP repositories
INFO: [IP_Flow 19-1704] No user IP repositories specified
INFO: [IP_Flow 19-2313] Loaded Vivado IP repository 'C:/Xilinx/Vivado/2017.4/data/ip'.
open_project: Time (s): cpu = 00:00:19 ; elapsed = 00:00:16 . Memory (MB): peak = 752.145 ; gain = 69.887
exit
INFO: [Common 17-206] Exiting Vivado at Thu Mar 22 16:20:51 2018...
