#-----------------------------------------------------------
# Vivado v2017.4 (64-bit)
# SW Build 2086221 on Fri Dec 15 20:55:39 MST 2017
# IP Build 2085800 on Fri Dec 15 22:25:07 MST 2017
# Start of session at: Thu Mar 22 15:18:29 2018
# Process ID: 4556
# Current directory: C:/Users/Botix/Desktop/TDC/vivado/tdc
# Command line: vivado.exe -gui_launcher_event rodinguilauncherevent11176 C:\Users\Botix\Desktop\TDC\vivado\tdc\tdc.xpr
# Log file: C:/Users/Botix/Desktop/TDC/vivado/tdc/vivado.log
# Journal file: C:/Users/Botix/Desktop/TDC/vivado/tdc\vivado.jou
#-----------------------------------------------------------
start_gui
open_project C:/Users/Botix/Desktop/TDC/vivado/tdc/tdc.xpr
INFO: [Project 1-313] Project file moved from 'C:/Users/Iulia/Desktop/repository/vivado/tdc' since last save.
Scanning sources...
Finished scanning sources
INFO: [Project 1-230] Project 'tdc.xpr' upgraded for this version of Vivado.
INFO: [IP_Flow 19-234] Refreshing IP repositories
INFO: [IP_Flow 19-1704] No user IP repositories specified
INFO: [IP_Flow 19-2313] Loaded Vivado IP repository 'C:/Xilinx/Vivado/2017.4/data/ip'.
open_project: Time (s): cpu = 00:00:16 ; elapsed = 00:00:23 . Memory (MB): peak = 744.535 ; gain = 42.184
export_ip_user_files -of_objects  [get_files C:/Users/Botix/Desktop/TDC/vivado/tdc/tdc.srcs/sources_1/new/or3_gate.vhd] -no_script -reset -force -quiet
remove_files  C:/Users/Botix/Desktop/TDC/vivado/tdc/tdc.srcs/sources_1/new/or3_gate.vhd
file delete -force C:/Users/Botix/Desktop/TDC/vivado/tdc/tdc.srcs/sources_1/new/or3_gate.vhd
exit
INFO: [Common 17-206] Exiting Vivado at Thu Mar 22 16:18:40 2018...
