#-----------------------------------------------------------
# Vivado v2017.3 (64-bit)
# SW Build 2018833 on Wed Oct  4 19:58:22 MDT 2017
# IP Build 2016188 on Wed Oct  4 21:52:56 MDT 2017
# Start of session at: Mon Mar 26 15:52:56 2018
# Process ID: 9764
# Current directory: C:/Users/Iulia/Desktop/repository/vivado/tdc
# Command line: vivado.exe -gui_launcher_event rodinguilauncherevent6184 C:\Users\Iulia\Desktop\repository\vivado\tdc\tdc.xpr
# Log file: C:/Users/Iulia/Desktop/repository/vivado/tdc/vivado.log
# Journal file: C:/Users/Iulia/Desktop/repository/vivado/tdc\vivado.jou
#-----------------------------------------------------------
start_gui
open_project C:/Users/Iulia/Desktop/repository/vivado/tdc/tdc.xpr
Scanning sources...
Finished scanning sources
INFO: [IP_Flow 19-234] Refreshing IP repositories
INFO: [IP_Flow 19-1704] No user IP repositories specified
INFO: [IP_Flow 19-2313] Loaded Vivado IP repository 'C:/Xilinx/Vivado/2017.3/data/ip'.
open_project: Time (s): cpu = 00:00:12 ; elapsed = 00:00:07 . Memory (MB): peak = 737.852 ; gain = 56.289
exit
INFO: [Common 17-206] Exiting Vivado at Mon Mar 26 15:59:42 2018...
