#-----------------------------------------------------------
# Vivado v2017.3 (64-bit)
# SW Build 2018833 on Wed Oct  4 19:58:22 MDT 2017
# IP Build 2016188 on Wed Oct  4 21:52:56 MDT 2017
# Start of session at: Thu Mar 15 08:48:25 2018
# Process ID: 6412
# Current directory: C:/Users/Iulia/Desktop/repository/vivado/tdc
# Command line: vivado.exe -gui_launcher_event rodinguilauncherevent1512 C:\Users\Iulia\Desktop\repository\vivado\tdc\tdc.xpr
# Log file: C:/Users/Iulia/Desktop/repository/vivado/tdc/vivado.log
# Journal file: C:/Users/Iulia/Desktop/repository/vivado/tdc\vivado.jou
#-----------------------------------------------------------
start_gui
open_project C:/Users/Iulia/Desktop/repository/vivado/tdc/tdc.xpr
Scanning sources...
Finished scanning sources
WARNING: [filemgmt 56-3] IPUserFilesDir: Could not find the directory 'C:/Users/Iulia/Desktop/repository/vivado/tdc/tdc.ip_user_files'.
INFO: [IP_Flow 19-234] Refreshing IP repositories
INFO: [IP_Flow 19-1704] No user IP repositories specified
INFO: [IP_Flow 19-2313] Loaded Vivado IP repository 'C:/Xilinx/Vivado/2017.3/data/ip'.
open_project: Time (s): cpu = 00:00:16 ; elapsed = 00:00:07 . Memory (MB): peak = 772.547 ; gain = 87.250
update_compile_order -fileset sources_1
close [ open C:/Users/Iulia/Desktop/repository/vivado/tdc/tdc.srcs/sources_1/new/pr_encoder_8bit.vhd w ]
add_files C:/Users/Iulia/Desktop/repository/vivado/tdc/tdc.srcs/sources_1/new/pr_encoder_8bit.vhd
update_compile_order -fileset sources_1
exit
INFO: [Common 17-206] Exiting Vivado at Thu Mar 15 12:38:01 2018...
