#-----------------------------------------------------------
# Vivado v2017.3 (64-bit)
# SW Build 2018833 on Wed Oct  4 19:58:22 MDT 2017
# IP Build 2016188 on Wed Oct  4 21:52:56 MDT 2017
# Start of session at: Thu Mar 29 20:09:53 2018
# Process ID: 196
# Current directory: C:/Users/Iulia/Desktop/repository/vivado/tdc
# Command line: vivado.exe -gui_launcher_event rodinguilauncherevent3804 C:\Users\Iulia\Desktop\repository\vivado\tdc\tdc.xpr
# Log file: C:/Users/Iulia/Desktop/repository/vivado/tdc/vivado.log
# Journal file: C:/Users/Iulia/Desktop/repository/vivado/tdc\vivado.jou
#-----------------------------------------------------------
start_gui
open_project C:/Users/Iulia/Desktop/repository/vivado/tdc/tdc.xpr
Scanning sources...
Finished scanning sources
INFO: [IP_Flow 19-234] Refreshing IP repositories
INFO: [IP_Flow 19-1704] No user IP repositories specified
INFO: [IP_Flow 19-2313] Loaded Vivado IP repository 'C:/Xilinx/Vivado/2017.3/data/ip'.
open_project: Time (s): cpu = 00:00:22 ; elapsed = 00:00:23 . Memory (MB): peak = 717.609 ; gain = 92.406
export_ip_user_files -of_objects  [get_files C:/Users/Iulia/Desktop/repository/vivado/tdc/tdc.srcs/sources_1/new/or3_gate.vhd] -no_script -reset -force -quiet
remove_files  C:/Users/Iulia/Desktop/repository/vivado/tdc/tdc.srcs/sources_1/new/or3_gate.vhd
exit
INFO: [Common 17-206] Exiting Vivado at Thu Mar 29 20:21:14 2018...
