#-----------------------------------------------------------
# Vivado v2017.3 (64-bit)
# SW Build 2018833 on Wed Oct  4 19:58:22 MDT 2017
# IP Build 2016188 on Wed Oct  4 21:52:56 MDT 2017
# Start of session at: Sun Mar 18 19:28:41 2018
# Process ID: 8324
# Current directory: C:/Users/Iulia/Desktop/repository/vivado/tdc
# Command line: vivado.exe -gui_launcher_event rodinguilauncherevent10436 C:\Users\Iulia\Desktop\repository\vivado\tdc\tdc.xpr
# Log file: C:/Users/Iulia/Desktop/repository/vivado/tdc/vivado.log
# Journal file: C:/Users/Iulia/Desktop/repository/vivado/tdc\vivado.jou
#-----------------------------------------------------------
start_gui
open_project C:/Users/Iulia/Desktop/repository/vivado/tdc/tdc.xpr
Scanning sources...
Finished scanning sources
WARNING: [filemgmt 56-3] IPUserFilesDir: Could not find the directory 'C:/Users/Iulia/Desktop/repository/vivado/tdc/tdc.ip_user_files'.
INFO: [IP_Flow 19-234] Refreshing IP repositories
INFO: [IP_Flow 19-1704] No user IP repositories specified
INFO: [IP_Flow 19-2313] Loaded Vivado IP repository 'C:/Xilinx/Vivado/2017.3/data/ip'.
open_project: Time (s): cpu = 00:00:17 ; elapsed = 00:00:18 . Memory (MB): peak = 755.000 ; gain = 95.258
update_compile_order -fileset sources_1
exit
INFO: [Common 17-206] Exiting Vivado at Sun Mar 18 20:03:04 2018...
