#-----------------------------------------------------------
# Vivado v2017.4 (64-bit)
# SW Build 2086221 on Fri Dec 15 20:55:39 MST 2017
# IP Build 2085800 on Fri Dec 15 22:25:07 MST 2017
# Start of session at: Thu Apr 19 14:17:37 2018
# Process ID: 10044
# Current directory: C:/Users/Iulia/Desktop/TDC
# Command line: vivado.exe -gui_launcher_event rodinguilauncherevent6468 C:\Users\Iulia\Desktop\TDC\tdc.xpr
# Log file: C:/Users/Iulia/Desktop/TDC/vivado.log
# Journal file: C:/Users/Iulia/Desktop/TDC\vivado.jou
#-----------------------------------------------------------
start_gui
open_project C:/Users/Iulia/Desktop/TDC/tdc.xpr
Scanning sources...
Finished scanning sources
INFO: [IP_Flow 19-234] Refreshing IP repositories
INFO: [IP_Flow 19-1704] No user IP repositories specified
INFO: [IP_Flow 19-2313] Loaded Vivado IP repository 'C:/Xilinx/Vivado/2017.4/data/ip'.
open_project: Time (s): cpu = 00:00:17 ; elapsed = 00:00:25 . Memory (MB): peak = 737.500 ; gain = 56.762
update_compile_order -fileset sources_1
export_ip_user_files -of_objects  [get_files C:/Users/Iulia/Desktop/repository/src/Nbits/pr_encoder64bit.vhd] -no_script -reset -force -quiet
remove_files  C:/Users/Iulia/Desktop/repository/src/Nbits/pr_encoder64bit.vhd
exit
INFO: [Common 17-206] Exiting Vivado at Thu Apr 19 14:32:00 2018...
