#-----------------------------------------------------------
# Vivado v2017.3 (64-bit)
# SW Build 2018833 on Wed Oct  4 19:58:22 MDT 2017
# IP Build 2016188 on Wed Oct  4 21:52:56 MDT 2017
# Start of session at: Wed Mar 21 12:53:53 2018
# Process ID: 6384
# Current directory: C:/Users/Iulia/Desktop/repository/vivado
# Command line: vivado.exe -gui_launcher_event rodinguilauncherevent2936 C:\Users\Iulia\Desktop\repository\vivado\naposip.xpr
# Log file: C:/Users/Iulia/Desktop/repository/vivado/vivado.log
# Journal file: C:/Users/Iulia/Desktop/repository/vivado\vivado.jou
#-----------------------------------------------------------
start_gui
open_project C:/Users/Iulia/Desktop/repository/vivado/naposip.xpr
INFO: [Project 1-313] Project file moved from 'C:/Users/Botix/Desktop/TDC/vivado' since last save.
Scanning sources...
Finished scanning sources
CRITICAL WARNING: [Project 1-505] Unrecognized Option Name ProjectType
WARNING: [filemgmt 56-2] IPUserFilesDir: Could not find the directory 'C:/Users/Iulia/Desktop/naposip/naposip.ip_user_files', nor could it be found using path 'C:/Users/Botix/Desktop/naposip/naposip.ip_user_files'.
WARNING: [Project 1-231] Project 'naposip.xpr' was created with a future version and may or may not perform reliably with this version of Vivado. It has been opened in read-only mode for the protection of unrecognized data. Use 'File | Save Project As...' if you wish to alter a copy of the project.
INFO: [IP_Flow 19-234] Refreshing IP repositories
INFO: [IP_Flow 19-1704] No user IP repositories specified
INFO: [IP_Flow 19-2313] Loaded Vivado IP repository 'C:/Xilinx/Vivado/2017.3/data/ip'.
open_project: Time (s): cpu = 00:00:13 ; elapsed = 00:00:09 . Memory (MB): peak = 735.355 ; gain = 49.938
save_project_as tdc C:/Users/Iulia/Desktop/repository/vivado/tdc -force
save_project_as: Time (s): cpu = 00:00:17 ; elapsed = 00:00:08 . Memory (MB): peak = 763.648 ; gain = 3.938
close [ open C:/Users/Iulia/Desktop/repository/vivado/tdc/tdc.srcs/sources_1/new/pr_encoder64bit.vhd w ]
add_files C:/Users/Iulia/Desktop/repository/vivado/tdc/tdc.srcs/sources_1/new/pr_encoder64bit.vhd
export_ip_user_files -of_objects  [get_files C:/Users/Iulia/Desktop/repository/vivado/tdc/tdc.srcs/sources_1/new/pr_encoder64bit.vhd] -no_script -reset -force -quiet
remove_files  C:/Users/Iulia/Desktop/repository/vivado/tdc/tdc.srcs/sources_1/new/pr_encoder64bit.vhd
close [ open C:/Users/Iulia/Desktop/repository/vivado/tdc/tdc.srcs/sources_1/new/pr_encoder_64bit.vhd w ]
add_files C:/Users/Iulia/Desktop/repository/vivado/tdc/tdc.srcs/sources_1/new/pr_encoder_64bit.vhd
